app/build/intermediates/manifest_merge_blame_file/debug/manifest-merger-blame-debug-report.txt
1<?xml version="1.0" encoding="utf-8"?>
2<manifest xmlns:android="http://schemas.android.com/apk/res/android"
3    package="com.mpatrick.geektalkapp"
4    android:versionCode="1"
5    android:versionName="1.0" >
6
7    <uses-sdk
8        android:minSdkVersion="23"
8-->src\main\AndroidManifest.xml
9        android:targetSdkVersion="32" />
9-->src\main\AndroidManifest.xml
10
11    <application
11-->src\main\AndroidManifest.xml:5:5-50:19
12        android:allowBackup="true"
12-->src\main\AndroidManifest.xml:6:9-35
13        android:appComponentFactory="androidx.core.app.CoreComponentFactory"
13-->[androidx.core:core:1.7.0] AndroidManifest.xml:24:18-86
14        android:dataExtractionRules="@xml/data_extraction_rules"
14-->src\main\AndroidManifest.xml:7:9-65
15        android:debuggable="true"
16        android:extractNativeLibs="false"
17        android:fullBackupContent="@xml/backup_rules"
17-->src\main\AndroidManifest.xml:8:9-54
18        android:icon="@mipmap/geek_chat_icon"
18-->src\main\AndroidManifest.xml:9:9-46
19        android:label="@string/app_name"
19-->src\main\AndroidManifest.xml:10:9-41
20        android:roundIcon="@mipmap/geek_chat_icon_round"
20-->src\main\AndroidManifest.xml:11:9-57
21        android:supportsRtl="true"
21-->src\main\AndroidManifest.xml:12:9-35
22        android:theme="@style/Theme.GeekTalkApp" >
22-->src\main\AndroidManifest.xml:13:9-49
23        <activity
23-->src\main\AndroidManifest.xml:16:9-22:20
24            android:name="com.mpatrick.geektalkapp.UserProfile"
24-->src\main\AndroidManifest.xml:17:13-40
25            android:exported="false" >
25-->src\main\AndroidManifest.xml:18:13-37
26            <meta-data
26-->src\main\AndroidManifest.xml:19:13-21:36
27                android:name="android.app.lib_name"
27-->src\main\AndroidManifest.xml:20:17-52
28                android:value="" />
28-->src\main\AndroidManifest.xml:21:17-33
29        </activity>
30        <activity
30-->src\main\AndroidManifest.xml:23:9-29:20
31            android:name="com.mpatrick.geektalkapp.SignUpForm"
31-->src\main\AndroidManifest.xml:24:13-39
32            android:exported="false" >
32-->src\main\AndroidManifest.xml:25:13-37
33            <meta-data
33-->src\main\AndroidManifest.xml:19:13-21:36
34                android:name="android.app.lib_name"
34-->src\main\AndroidManifest.xml:20:17-52
35                android:value="" />
35-->src\main\AndroidManifest.xml:21:17-33
36        </activity>
37        <activity
37-->src\main\AndroidManifest.xml:30:9-36:20
38            android:name="com.mpatrick.geektalkapp.LoginForm"
38-->src\main\AndroidManifest.xml:31:13-38
39            android:exported="false" >
39-->src\main\AndroidManifest.xml:32:13-37
40            <meta-data
40-->src\main\AndroidManifest.xml:19:13-21:36
41                android:name="android.app.lib_name"
41-->src\main\AndroidManifest.xml:20:17-52
42                android:value="" />
42-->src\main\AndroidManifest.xml:21:17-33
43        </activity>
44        <activity
44-->src\main\AndroidManifest.xml:37:9-49:20
45            android:name="com.mpatrick.geektalkapp.MainActivity"
45-->src\main\AndroidManifest.xml:38:13-41
46            android:exported="true" >
46-->src\main\AndroidManifest.xml:39:13-36
47            <intent-filter>
47-->src\main\AndroidManifest.xml:40:13-44:29
48                <action android:name="android.intent.action.MAIN" />
48-->src\main\AndroidManifest.xml:41:17-69
48-->src\main\AndroidManifest.xml:41:25-66
49
50                <category android:name="android.intent.category.LAUNCHER" />
50-->src\main\AndroidManifest.xml:43:17-77
50-->src\main\AndroidManifest.xml:43:27-74
51            </intent-filter>
52
53            <meta-data
53-->src\main\AndroidManifest.xml:19:13-21:36
54                android:name="android.app.lib_name"
54-->src\main\AndroidManifest.xml:20:17-52
55                android:value="" />
55-->src\main\AndroidManifest.xml:21:17-33
56        </activity>
57
58        <provider
58-->[androidx.emoji2:emoji2:1.0.0] AndroidManifest.xml:26:9-34:20
59            android:name="androidx.startup.InitializationProvider"
59-->[androidx.emoji2:emoji2:1.0.0] AndroidManifest.xml:27:13-67
60            android:authorities="com.mpatrick.geektalkapp.androidx-startup"
60-->[androidx.emoji2:emoji2:1.0.0] AndroidManifest.xml:28:13-68
61            android:exported="false" >
61-->[androidx.emoji2:emoji2:1.0.0] AndroidManifest.xml:29:13-37
62            <meta-data
62-->[androidx.emoji2:emoji2:1.0.0] AndroidManifest.xml:31:13-33:52
63                android:name="androidx.emoji2.text.EmojiCompatInitializer"
63-->[androidx.emoji2:emoji2:1.0.0] AndroidManifest.xml:32:17-75
64                android:value="androidx.startup" />
64-->[androidx.emoji2:emoji2:1.0.0] AndroidManifest.xml:33:17-49
65            <meta-data
65-->[androidx.lifecycle:lifecycle-process:2.4.0] AndroidManifest.xml:31:13-33:52
66                android:name="androidx.lifecycle.ProcessLifecycleInitializer"
66-->[androidx.lifecycle:lifecycle-process:2.4.0] AndroidManifest.xml:32:17-78
67                android:value="androidx.startup" />
67-->[androidx.lifecycle:lifecycle-process:2.4.0] AndroidManifest.xml:33:17-49
68        </provider>
69    </application>
70
71</manifest>